# JRE version: OpenJDK Runtime Environment (21.0.10) (build 21.0.10+-14961533-b1163.108)
# Java VM: OpenJDK 64-Bit Server VM (21.0.10+-14961533-b1163.108, mixed mode, tiered, compressed oops, compressed class ptrs, g1 gc, windows-amd64)
GC Precious Log:
 CardTable entry size: 512
 Card Set container configuration: InlinePtr #cards 4 size 8 Array Of Cards #cards 16 size 48 Howl #buckets 8 coarsen threshold 3686 Howl Bitmap #cards 512 size 80 coarsen threshold 460 Card regions per heap region 1 cards per card region 4096
 CPUs: 16 total, 16 available
 Memory: 16010M
 Large Page Support: Disabled
 NUMA Support: Disabled
 Compressed Oops: Enabled (Zero based)
 Heap Region Size: 2M
 Heap Min Capacity: 8M
 Heap Initial Capacity: 252M
 Heap Max Capacity: 4G
 Pre-touch: Disabled
 Parallel Workers: 13
 Concurrent Workers: 3
 Concurrent Refinement Workers: 13
 Periodic GC: Disabled
Heap:
 garbage-first heap   total 126976K, used 79152K [0x0000000700000000, 0x0000000800000000)
  region size 2048K, 6 young (12288K), 3 survivors (6144K)
 Metaspace       used 88011K, committed 89920K, reserved 983040K
  class space    used 12630K, committed 13568K, reserved 851968K
GC Heap History (20 events):
Event: 10.002 GC heap before
{Heap before GC invocations=12 (full 0):
 garbage-first heap   total 96256K, used 74267K [0x0000000700000000, 0x0000000800000000)
  region size 2048K, 21 young (43008K), 3 survivors (6144K)
 Metaspace       used 58674K, committed 60160K, reserved 917504K
  class space    used 8146K, committed 8896K, reserved 851968K
}
Event: 10.006 GC heap after
{Heap after GC invocations=13 (full 0):
 garbage-first heap   total 96256K, used 41613K [0x0000000700000000, 0x0000000800000000)
  region size 2048K, 2 young (4096K), 2 survivors (4096K)
 Metaspace       used 58674K, committed 60160K, reserved 917504K
  class space    used 8146K, committed 8896K, reserved 851968K
}
Event: 10.720 GC heap before
{Heap before GC invocations=14 (full 0):
 garbage-first heap   total 96256K, used 84621K [0x0000000700000000, 0x0000000800000000)
  region size 2048K, 23 young (47104K), 2 survivors (4096K)
 Metaspace       used 62967K, committed 64576K, reserved 917504K
  class space    used 8850K, committed 9600K, reserved 851968K
}
Event: 10.723 GC heap after
{Heap after GC invocations=15 (full 0):
 garbage-first heap   total 96256K, used 44374K [0x0000000700000000, 0x0000000800000000)
  region size 2048K, 3 young (6144K), 3 survivors (6144K)
 Metaspace       used 62967K, committed 64576K, reserved 917504K
  class space    used 8850K, committed 9600K, reserved 851968K
}
Event: 11.891 GC heap before
{Heap before GC invocations=15 (full 0):
 garbage-first heap   total 96256K, used 83286K [0x0000000700000000, 0x0000000800000000)
  region size 2048K, 22 young (45056K), 3 survivors (6144K)
 Metaspace       used 64103K, committed 65728K, reserved 917504K
  class space    used 8987K, committed 9728K, reserved 851968K
}
Event: 11.895 GC heap after
{Heap after GC invocations=16 (full 0):
 garbage-first heap   total 96256K, used 48669K [0x0000000700000000, 0x0000000800000000)
  region size 2048K, 3 young (6144K), 3 survivors (6144K)
 Metaspace       used 64103K, committed 65728K, reserved 917504K
  class space    used 8987K, committed 9728K, reserved 851968K
}
Event: 12.460 GC heap before
{Heap before GC invocations=16 (full 0):
 garbage-first heap   total 96256K, used 83485K [0x0000000700000000, 0x0000000800000000)
  region size 2048K, 21 young (43008K), 3 survivors (6144K)
 Metaspace       used 67924K, committed 69696K, reserved 917504K
  class space    used 9645K, committed 10496K, reserved 851968K
}
Event: 12.464 GC heap after
{Heap after GC invocations=17 (full 0):
 garbage-first heap   total 98304K, used 52086K [0x0000000700000000, 0x0000000800000000)
  region size 2048K, 2 young (4096K), 2 survivors (4096K)
 Metaspace       used 67924K, committed 69696K, reserved 917504K
  class space    used 9645K, committed 10496K, reserved 851968K
}
Event: 13.019 GC heap before
{Heap before GC invocations=18 (full 0):
 garbage-first heap   total 100352K, used 88950K [0x0000000700000000, 0x0000000800000000)
  region size 2048K, 18 young (36864K), 2 survivors (4096K)
 Metaspace       used 71605K, committed 73344K, reserved 917504K
  class space    used 10150K, committed 11008K, reserved 851968K
}
Event: 13.021 GC heap after
{Heap after GC invocations=19 (full 0):
 garbage-first heap   total 120832K, used 57212K [0x0000000700000000, 0x0000000800000000)
  region size 2048K, 2 young (4096K), 2 survivors (4096K)
 Metaspace       used 71605K, committed 73344K, reserved 917504K
  class space    used 10150K, committed 11008K, reserved 851968K
}
Event: 13.757 GC heap before
{Heap before GC invocations=19 (full 0):
 garbage-first heap   total 120832K, used 102268K [0x0000000700000000, 0x0000000800000000)
  region size 2048K, 24 young (49152K), 2 survivors (4096K)
 Metaspace       used 76488K, committed 78272K, reserved 983040K
  class space    used 10840K, committed 11712K, reserved 851968K
}
Event: 13.761 GC heap after
{Heap after GC invocations=20 (full 0):
 garbage-first heap   total 120832K, used 58335K [0x0000000700000000, 0x0000000800000000)
  region size 2048K, 2 young (4096K), 2 survivors (4096K)
 Metaspace       used 76488K, committed 78272K, reserved 983040K
  class space    used 10840K, committed 11712K, reserved 851968K
}
Event: 14.488 GC heap before
{Heap before GC invocations=20 (full 0):
 garbage-first heap   total 120832K, used 105439K [0x0000000700000000, 0x0000000800000000)
  region size 2048K, 25 young (51200K), 2 survivors (4096K)
 Metaspace       used 79656K, committed 81472K, reserved 983040K
  class space    used 11297K, committed 12160K, reserved 851968K
}
Event: 14.492 GC heap after
{Heap after GC invocations=21 (full 0):
 garbage-first heap   total 120832K, used 59508K [0x0000000700000000, 0x0000000800000000)
  region size 2048K, 3 young (6144K), 3 survivors (6144K)
 Metaspace       used 79656K, committed 81472K, reserved 983040K
  class space    used 11297K, committed 12160K, reserved 851968K
}
Event: 15.257 GC heap before
{Heap before GC invocations=22 (full 0):
 garbage-first heap   total 120832K, used 106612K [0x0000000700000000, 0x0000000800000000)
  region size 2048K, 26 young (53248K), 3 survivors (6144K)
 Metaspace       used 82321K, committed 84160K, reserved 983040K
  class space    used 11695K, committed 12544K, reserved 851968K
}
Event: 15.262 GC heap after
{Heap after GC invocations=23 (full 0):
 garbage-first heap   total 120832K, used 64366K [0x0000000700000000, 0x0000000800000000)
  region size 2048K, 4 young (8192K), 4 survivors (8192K)
 Metaspace       used 82321K, committed 84160K, reserved 983040K
  class space    used 11695K, committed 12544K, reserved 851968K
}
Event: 15.889 GC heap before
{Heap before GC invocations=23 (full 0):
 garbage-first heap   total 120832K, used 107374K [0x0000000700000000, 0x0000000800000000)
  region size 2048K, 25 young (51200K), 4 survivors (8192K)
 Metaspace       used 85664K, committed 87488K, reserved 983040K
  class space    used 12208K, committed 13120K, reserved 851968K
}
Event: 15.894 GC heap after
{Heap after GC invocations=24 (full 0):
 garbage-first heap   total 122880K, used 67016K [0x0000000700000000, 0x0000000800000000)
  region size 2048K, 2 young (4096K), 2 survivors (4096K)
 Metaspace       used 85664K, committed 87488K, reserved 983040K
  class space    used 12208K, committed 13120K, reserved 851968K
}
Event: 16.987 GC heap before
{Heap before GC invocations=24 (full 0):
 garbage-first heap   total 122880K, used 105928K [0x0000000700000000, 0x0000000800000000)
  region size 2048K, 22 young (45056K), 2 survivors (4096K)
 Metaspace       used 87935K, committed 89856K, reserved 983040K
  class space    used 12626K, committed 13568K, reserved 851968K
}
Event: 16.992 GC heap after
{Heap after GC invocations=25 (full 0):
 garbage-first heap   total 122880K, used 75056K [0x0000000700000000, 0x0000000800000000)
  region size 2048K, 3 young (6144K), 3 survivors (6144K)
 Metaspace       used 87935K, committed 89856K, reserved 983040K
  class space    used 12626K, committed 13568K, reserved 851968K
}

